Using pre-set license
Built from '2021.3/staging' branch; Version is '2021.3.11f1 (0a5ca18544bf) revision 679073'; Using compiler version '192829333'; Build Type 'Release'
OS: 'Windows 10  (10.0.19045) 64bit Professional' Language: 'es' Physical Memory: 15716 MB
BatchMode: 1, IsHumanControllingUs: 0, StartBugReporterOnCrash: 0, Is64bit: 1, IsPro: 1

COMMAND LINE ARGUMENTS:
C:\Program Files\Unity\Hub\Editor\2021.3.11f1\Editor\Unity.exe
-adb2
-batchMode
-noUpm
-name
AssetImportWorker0
-projectPath
C:/Users/Jose Gomis/Documents/GitHub/GGJ2022/GGJ2022
-logFile
Logs/AssetImportWorker0.log
-srvPort
52188
Successfully changed project path to: C:/Users/Jose Gomis/Documents/GitHub/GGJ2022/GGJ2022
C:/Users/Jose Gomis/Documents/GitHub/GGJ2022/GGJ2022
[UnityMemory] Configuration Parameters - Can be set up in boot.config
    "memorysetup-bucket-allocator-granularity=16"
    "memorysetup-bucket-allocator-bucket-count=8"
    "memorysetup-bucket-allocator-block-size=33554432"
    "memorysetup-bucket-allocator-block-count=8"
    "memorysetup-main-allocator-block-size=16777216"
    "memorysetup-thread-allocator-block-size=16777216"
    "memorysetup-gfx-main-allocator-block-size=16777216"
    "memorysetup-gfx-thread-allocator-block-size=16777216"
    "memorysetup-cache-allocator-block-size=4194304"
    "memorysetup-typetree-allocator-block-size=2097152"
    "memorysetup-profiler-bucket-allocator-granularity=16"
    "memorysetup-profiler-bucket-allocator-bucket-count=8"
    "memorysetup-profiler-bucket-allocator-block-size=33554432"
    "memorysetup-profiler-bucket-allocator-block-count=8"
    "memorysetup-profiler-allocator-block-size=16777216"
    "memorysetup-profiler-editor-allocator-block-size=1048576"
    "memorysetup-temp-allocator-size-main=16777216"
    "memorysetup-job-temp-allocator-block-size=2097152"
    "memorysetup-job-temp-allocator-block-size-background=1048576"
    "memorysetup-job-temp-allocator-reduction-small-platforms=262144"
    "memorysetup-temp-allocator-size-background-worker=32768"
    "memorysetup-temp-allocator-size-job-worker=262144"
    "memorysetup-temp-allocator-size-preload-manager=33554432"
    "memorysetup-temp-allocator-size-nav-mesh-worker=65536"
    "memorysetup-temp-allocator-size-audio-worker=65536"
    "memorysetup-temp-allocator-size-cloud-worker=32768"
    "memorysetup-temp-allocator-size-gi-baking-worker=262144"
    "memorysetup-temp-allocator-size-gfx=262144"
Refreshing native plugins compatible for Editor in 84.69 ms, found 4 plugins.
Preloading 0 native plugins for Editor in 0.00 ms.
Initialize engine version: 2021.3.11f1 (0a5ca18544bf)
[Subsystems] Discovering subsystems at path C:/Program Files/Unity/Hub/Editor/2021.3.11f1/Editor/Data/Resources/UnitySubsystems
[Subsystems] Discovering subsystems at path C:/Users/Jose Gomis/Documents/GitHub/GGJ2022/GGJ2022/Assets
GfxDevice: creating device client; threaded=0; jobified=0
Direct3D:
    Version:  Direct3D 11.0 [level 11.1]
    Renderer: NVIDIA GeForce GTX 1650 (ID=0x1f99)
    Vendor:   NVIDIA
    VRAM:     3950 MB
    Driver:   31.0.15.2756
Initialize mono
Mono path[0] = 'C:/Program Files/Unity/Hub/Editor/2021.3.11f1/Editor/Data/Managed'
Mono path[1] = 'C:/Program Files/Unity/Hub/Editor/2021.3.11f1/Editor/Data/MonoBleedingEdge/lib/mono/unityjit-win32'
Mono config path = 'C:/Program Files/Unity/Hub/Editor/2021.3.11f1/Editor/Data/MonoBleedingEdge/etc'
Using monoOptions --debugger-agent=transport=dt_socket,embedding=1,server=y,suspend=n,address=127.0.0.1:56204
Begin MonoManager ReloadAssembly
Registering precompiled unity dll's ...
Register platform support module: C:/Program Files/Unity/Hub/Editor/2021.3.11f1/Editor/Data/PlaybackEngines/WebGLSupport/UnityEditor.WebGL.Extensions.dll
Register platform support module: C:/Program Files/Unity/Hub/Editor/2021.3.11f1/Editor/Data/PlaybackEngines/AndroidPlayer/UnityEditor.Android.Extensions.dll
Register platform support module: C:/Program Files/Unity/Hub/Editor/2021.3.11f1/Editor/Data/PlaybackEngines/iOSSupport/UnityEditor.iOS.Extensions.dll
Register platform support module: C:/Program Files/Unity/Hub/Editor/2021.3.11f1/Editor/Data/PlaybackEngines/WindowsStandaloneSupport/UnityEditor.WindowsStandalone.Extensions.dll
Register platform support module: C:/Program Files/Unity/Hub/Editor/2021.3.11f1/Editor/Data/PlaybackEngines/MetroSupport/UnityEditor.UWP.Extensions.dll
Registered in 0.012115 seconds.
Native extension for UWP target not found
Native extension for WindowsStandalone target not found
[usbmuxd] Start listen thread
[usbmuxd] Listen thread started
Native extension for iOS target not found
Native extension for Android target not found
Native extension for WebGL target not found
Refreshing native plugins compatible for Editor in 88.12 ms, found 4 plugins.
Preloading 0 native plugins for Editor in 0.00 ms.
Mono: successfully reloaded assembly
- Completed reload, in  0.670 seconds
Domain Reload Profiling:
	ReloadAssembly (670ms)
		BeginReloadAssembly (73ms)
			ExecutionOrderSort (0ms)
			DisableScriptedObjects (0ms)
			BackupInstance (0ms)
			ReleaseScriptingObjects (0ms)
			CreateAndSetChildDomain (1ms)
		EndReloadAssembly (488ms)
			LoadAssemblies (72ms)
			RebuildTransferFunctionScriptingTraits (0ms)
			SetupTypeCache (98ms)
			ReleaseScriptCaches (0ms)
			RebuildScriptCaches (30ms)
			SetupLoadedEditorAssemblies (308ms)
				LogAssemblyErrors (0ms)
				InitializePlatformSupportModulesInManaged (65ms)
				SetLoadedEditorAssemblies (0ms)
				RefreshPlugins (88ms)
				BeforeProcessingInitializeOnLoad (2ms)
				ProcessInitializeOnLoadAttributes (98ms)
				ProcessInitializeOnLoadMethodAttributes (54ms)
				AfterProcessingInitializeOnLoad (0ms)
				EditorAssembliesLoaded (0ms)
			ExecutionOrderSort2 (0ms)
			AwakeInstancesAfterBackupRestoration (0ms)
Platform modules already initialized, skipping
Registering precompiled user dll's ...
Registered in 0.009754 seconds.
Begin MonoManager ReloadAssembly
Symbol file LoadedFromMemory doesn't match image C:\Users\Jose Gomis\Documents\GitHub\GGJ2022\GGJ2022\Library\PackageCache\com.unity.visualscripting@1.7.8\Editor\VisualScripting.Core\Dependencies\YamlDotNet\Unity.VisualScripting.YamlDotNet.dll
Symbol file LoadedFromMemory doesn't match image C:\Users\Jose Gomis\Documents\GitHub\GGJ2022\GGJ2022\Library\PackageCache\com.unity.visualscripting@1.7.8\Editor\VisualScripting.Core\Dependencies\DotNetZip\Unity.VisualScripting.IonicZip.dll
Native extension for UWP target not found
Native extension for WindowsStandalone target not found
Native extension for iOS target not found
Native extension for Android target not found
Native extension for WebGL target not found
Refreshing native plugins compatible for Editor in 81.81 ms, found 4 plugins.
Preloading 0 native plugins for Editor in 0.00 ms.
Mono: successfully reloaded assembly
- Completed reload, in  1.334 seconds
Domain Reload Profiling:
	ReloadAssembly (1335ms)
		BeginReloadAssembly (219ms)
			ExecutionOrderSort (0ms)
			DisableScriptedObjects (7ms)
			BackupInstance (0ms)
			ReleaseScriptingObjects (0ms)
			CreateAndSetChildDomain (121ms)
		EndReloadAssembly (1004ms)
			LoadAssemblies (97ms)
			RebuildTransferFunctionScriptingTraits (0ms)
			SetupTypeCache (241ms)
			ReleaseScriptCaches (1ms)
			RebuildScriptCaches (58ms)
			SetupLoadedEditorAssemblies (543ms)
				LogAssemblyErrors (0ms)
				InitializePlatformSupportModulesInManaged (25ms)
				SetLoadedEditorAssemblies (0ms)
				RefreshPlugins (82ms)
				BeforeProcessingInitializeOnLoad (110ms)
				ProcessInitializeOnLoadAttributes (264ms)
				ProcessInitializeOnLoadMethodAttributes (49ms)
				AfterProcessingInitializeOnLoad (12ms)
				EditorAssembliesLoaded (0ms)
			ExecutionOrderSort2 (0ms)
			AwakeInstancesAfterBackupRestoration (15ms)
Platform modules already initialized, skipping
========================================================================
Worker process is ready to serve import requests
Launched and connected shader compiler UnityShaderCompiler.exe after 0.05 seconds
Refreshing native plugins compatible for Editor in 0.98 ms, found 4 plugins.
Preloading 0 native plugins for Editor in 0.00 ms.
Unloading 4097 Unused Serialized files (Serialized files now loaded: 0)
Unloading 44 unused Assets / (229.0 KB). Loaded Objects now: 4550.
Memory consumption went from 152.2 MB to 152.0 MB.
Total: 4.112700 ms (FindLiveObjects: 0.338900 ms CreateObjectMapping: 0.404600 ms MarkObjects: 3.201900 ms  DeleteObjects: 0.166300 ms)

AssetImportParameters requested are different than current active one (requested -> active):
  custom:video-decoder-ogg-theora: a1e56fd34408186e4bbccfd4996cb3dc -> 
  custom:container-muxer-webm: aa71ff27fc2769a1b78a27578f13a17b -> 
  custom:container-demuxer-webm: 4f35f7cbe854078d1ac9338744f61a02 -> 
  custom:video-encoder-webm-vp8: eb34c28f22e8b96e1ab97ce403110664 -> 
  custom:audio-encoder-webm-vorbis: bf7c407c2cedff20999df2af8eb42d56 -> 
  custom:framework-win-MediaFoundation: 216162199b28c13a410421893ffa2e32 -> 
  custom:container-demuxer-ogg: 62fdf1f143b41e24485cea50d1cbac27 -> 
  custom:video-decoder-webm-vp8: 9c59270c3fd7afecdb556c50c9e8de78 -> 
  custom:audio-decoder-ogg-vorbis: bf7c407c2cedff20999df2af8eb42d56 -> 
========================================================================
Received Import Request.
  Time since last request: 2551.105648 seconds.
  path: Assets/rock%20tile%20map%201 (1).png
  artifactKey: Guid(c5de72c6bf9563a48b6d4fdc8651cf0c) Importer(815301076,1909f56bfc062723c751e8b465ee728b)
Start importing Assets/rock%20tile%20map%201 (1).png using Guid(c5de72c6bf9563a48b6d4fdc8651cf0c) Importer(815301076,1909f56bfc062723c751e8b465ee728b)  -> (artifact id: '99281bbc78d639d2001310a9233082d6') in 0.427740 seconds 
========================================================================
Received Import Request.
  Time since last request: 3.540336 seconds.
  path: Assets/Paletas/rock%20tile%20map%201 (1).asset
  artifactKey: Guid(8959e85de43ed4942954adbacd8ddff0) Importer(815301076,1909f56bfc062723c751e8b465ee728b)
Start importing Assets/Paletas/rock%20tile%20map%201 (1).asset using Guid(8959e85de43ed4942954adbacd8ddff0) Importer(815301076,1909f56bfc062723c751e8b465ee728b)  -> (artifact id: '53a3af46812ebd8970c2c83b233c9cee') in 0.011635 seconds 
========================================================================
Received Import Request.
  Time since last request: 0.000016 seconds.
  path: Assets/Paletas/rock%20tile%20map%201_4.asset
  artifactKey: Guid(3b0ca171dbe1d7646aa35e54d9ac7647) Importer(815301076,1909f56bfc062723c751e8b465ee728b)
Start importing Assets/Paletas/rock%20tile%20map%201_4.asset using Guid(3b0ca171dbe1d7646aa35e54d9ac7647) Importer(815301076,1909f56bfc062723c751e8b465ee728b)  -> (artifact id: '4626166750711654bd22e78b0078a44e') in 0.028803 seconds 
========================================================================
Received Import Request.
  Time since last request: 0.000017 seconds.
  path: Assets/Paletas/rock%20tile%20map%201 (1)_7.asset
  artifactKey: Guid(e70932311dca2914b81ef4160d685bce) Importer(815301076,1909f56bfc062723c751e8b465ee728b)
Start importing Assets/Paletas/rock%20tile%20map%201 (1)_7.asset using Guid(e70932311dca2914b81ef4160d685bce) Importer(815301076,1909f56bfc062723c751e8b465ee728b)  -> (artifact id: 'c02265f4e69c1f6380e64dabc5392186') in 0.029166 seconds 
========================================================================
Received Import Request.
  Time since last request: 0.000025 seconds.
  path: Assets/Paletas/rock%20tile%20map%201_7.asset
  artifactKey: Guid(06917351abb0dd146be42e47ad7a453d) Importer(815301076,1909f56bfc062723c751e8b465ee728b)
Start importing Assets/Paletas/rock%20tile%20map%201_7.asset using Guid(06917351abb0dd146be42e47ad7a453d) Importer(815301076,1909f56bfc062723c751e8b465ee728b)  -> (artifact id: 'e0ddff4a5265b174dae7e0d0eda1dc86') in 0.021747 seconds 
========================================================================
Received Import Request.
  Time since last request: 0.000033 seconds.
  path: Assets/Paletas/rock%20tile%20map%201_10.asset
  artifactKey: Guid(45a8c2b8ead927b4d90e6489c92dea1b) Importer(815301076,1909f56bfc062723c751e8b465ee728b)
Start importing Assets/Paletas/rock%20tile%20map%201_10.asset using Guid(45a8c2b8ead927b4d90e6489c92dea1b) Importer(815301076,1909f56bfc062723c751e8b465ee728b)  -> (artifact id: '5699327d9c80ae6eff084f7f95e503b9') in 0.026323 seconds 
========================================================================
Received Import Request.
  Time since last request: 0.000042 seconds.
  path: Assets/Paletas/rock%20tile%20map%201 (1)_6.asset
  artifactKey: Guid(ba68a181abe20d246ad575b88fe11786) Importer(815301076,1909f56bfc062723c751e8b465ee728b)
Start importing Assets/Paletas/rock%20tile%20map%201 (1)_6.asset using Guid(ba68a181abe20d246ad575b88fe11786) Importer(815301076,1909f56bfc062723c751e8b465ee728b)  -> (artifact id: '382b0e77af72268e3f9a7f988fb16322') in 0.022838 seconds 
========================================================================
Received Import Request.
  Time since last request: 0.000032 seconds.
  path: Assets/Paletas/rock%20tile%20map%201 (1)_3.asset
  artifactKey: Guid(091d65616b37d6d4989ff69f33325b2a) Importer(815301076,1909f56bfc062723c751e8b465ee728b)
Start importing Assets/Paletas/rock%20tile%20map%201 (1)_3.asset using Guid(091d65616b37d6d4989ff69f33325b2a) Importer(815301076,1909f56bfc062723c751e8b465ee728b)  -> (artifact id: '9235b71fdb873b2c6eedd5447c05417a') in 0.015214 seconds 
========================================================================
Received Import Request.
  Time since last request: 0.000035 seconds.
  path: Assets/Paletas/rock%20tile%20map%201_5.asset
  artifactKey: Guid(3c0b927f0ec6dda4abfb197cc330417c) Importer(815301076,1909f56bfc062723c751e8b465ee728b)
Start importing Assets/Paletas/rock%20tile%20map%201_5.asset using Guid(3c0b927f0ec6dda4abfb197cc330417c) Importer(815301076,1909f56bfc062723c751e8b465ee728b)  -> (artifact id: 'e388e7464eb226acb98a1bcad2f04a8a') in 0.015830 seconds 
========================================================================
Received Import Request.
  Time since last request: 13.776465 seconds.
  path: Assets/Sprites/atack sprite clear.png
  artifactKey: Guid(ead10205da61daa499b8ba23c4ef897a) Importer(815301076,1909f56bfc062723c751e8b465ee728b)
Start importing Assets/Sprites/atack sprite clear.png using Guid(ead10205da61daa499b8ba23c4ef897a) Importer(815301076,1909f56bfc062723c751e8b465ee728b)  -> (artifact id: '1e0c97e69667ffa75540678deee256a1') in 0.125990 seconds 
Editor requested this worker to shutdown with reason: Scaling down because of idle timeout
AssetImportWorker is now disconnected from the server
Process exiting
Exiting without the bug reporter. Application will terminate with return code 0